<?xml version="1.0" encoding="UTF-8"?>
<!-- Generated by org.testng.reporters.JUnitReportReporter -->
<testsuite name="test.LoginPage5" tests="4" time="23.663" ignored="0" failures="0" timestamp="18 Mar 2019 22:25:25 GMT" skipped="0" hostname="Aloks-MacBook-Pro.local" errors="0">
  <testcase name="login1" time="5.830" classname="test.LoginPage5"/>
  <testcase name="login" time="1.564" classname="test.LoginPage5"/>
  <testcase name="test" time="6.832" classname="test.LoginPage5"/>
  <testcase name="login4" time="9.437" classname="test.LoginPage5"/>
</testsuite> <!-- test.LoginPage5 -->
