<?xml version="1.0" encoding="UTF-8"?>
<!-- Generated by org.testng.reporters.JUnitReportReporter -->
<testsuite name="test.LoginPage7" tests="8" time="43.474" ignored="0" failures="0" timestamp="18 Mar 2019 19:51:35 GMT" skipped="1" hostname="Aloks-MacBook-Pro.local" errors="0">
  <testcase name="login3" time="18.967" classname="test.LoginPage7"/>
  <testcase name="login2" time="7.353" classname="test.LoginPage7"/>
  <testcase name="login1" time="5.110" classname="test.LoginPage7"/>
  <testcase name="test" time="0.382" classname="test.LoginPage7"/>
  <testcase name="testaccount" time="8.662" classname="test.LoginPage7"/>
  <testcase name="login4" time="0.000" classname="test.LoginPage7">
    <skipped/>
  </testcase> <!-- login4 -->
  <testcase name="login" time="2.291" classname="test.LoginPage7"/>
  <testcase name="testaccount" time="0.709" classname="test.LoginPage7"/>
</testsuite> <!-- test.LoginPage7 -->
