<?xml version="1.0" encoding="UTF-8"?>
<!-- Generated by org.testng.reporters.JUnitReportReporter -->
<testsuite name="test.LoginPage3" tests="4" time="37.982" ignored="0" failures="0" timestamp="22 May 2019 06:18:36 GMT" skipped="0" hostname="Aloks-MBP.home" errors="0">
  <testcase name="login1" time="1.138" classname="test.LoginPage3"/>
  <testcase name="login" time="1.918" classname="test.LoginPage3"/>
  <testcase name="login2" time="15.007" classname="test.LoginPage3"/>
  <testcase name="login3" time="19.919" classname="test.LoginPage3"/>
</testsuite> <!-- test.LoginPage3 -->
