<?xml version="1.0" encoding="UTF-8"?>
<!-- Generated by org.testng.reporters.JUnitReportReporter -->
<testsuite name="test.LoginPage2" tests="3" time="25.399" ignored="4" failures="0" timestamp="10 Apr 2019 21:42:09 GMT" skipped="0" hostname="Aloks-MacBook-Pro.local" errors="0">
  <testcase name="login1" time="2.533" classname="test.LoginPage2"/>
  <testcase name="login2" time="16.609" classname="test.LoginPage2"/>
  <testcase name="login" time="6.257" classname="test.LoginPage2"/>
  <testcase name="n" classname="test.TestBase">
    <skipped/>
  </testcase> <!-- n -->
  <testcase name="n" classname="test.TestBase">
    <skipped/>
  </testcase> <!-- n -->
  <testcase name="m" classname="test.TestBase">
    <skipped/>
  </testcase> <!-- m -->
  <testcase name="m" classname="test.TestBase">
    <skipped/>
  </testcase> <!-- m -->
</testsuite> <!-- test.LoginPage2 -->
