<?xml version="1.0" encoding="UTF-8"?>
<!-- Generated by org.testng.reporters.JUnitReportReporter -->
<testsuite name="test.Loginlead" tests="5" time="35.826" ignored="0" failures="0" timestamp="18 Mar 2019 17:58:08 GMT" skipped="0" hostname="Aloks-MacBook-Pro.local" errors="0">
  <testcase name="login3" time="19.643" classname="test.Loginlead"/>
  <testcase name="login2" time="7.525" classname="test.Loginlead"/>
  <testcase name="login" time="1.670" classname="test.Loginlead"/>
  <testcase name="login1" time="5.163" classname="test.Loginlead"/>
  <testcase name="asserttest" time="1.825" classname="test.Loginlead"/>
</testsuite> <!-- test.Loginlead -->
